Mar 21, 2016 5:21:37 PM oracle.mds
NOTIFICATION: PManager instance is created without multitenancy support as JVM flag "oracle.multitenant.enabled" is not set to enable multitenancy support.
Mar 21, 2016 5:21:37 PM oracle.security.jps.internal.config.xml.XmlConfigurationFactory initDefaultConfiguration
SEVERE: java.io.FileNotFoundException: .\config\jps-config.xml (The system cannot find the path specified)
Mar 21, 2016 5:21:37 PM oracle.mds
NOTIFICATION: Auditing is disabled for component MDS.
Mar 21, 2016 5:21:38 PM oracle.fabric.common.wsdl.SchemaBuilder resolveWorkFlowSchemas
WARNING: Ignoring composite local workflow schema of file:/E:/Development%20Workspace/BPM/GrnApprovalWorkflow/GrnApproval/NotificationService.xsd as there is an MDS shared version of the schema used by workflow engine oramds:/soa/shared/workflow/NotificationService.xsd
Mar 21, 2016 5:21:38 PM oracle.fabric.common.wsdl.SchemaManager isIncrementalBuildSupported
INFO: XMLSchema incremental build enabled.
Mar 21, 2016 5:21:38 PM com.collaxa.cube.CubeLogger info
INFO: validating "BP_UpdateLineApproved.bpel" ...
Mar 21, 2016 5:21:38 PM oracle.integration.platform.blocks.FabricConfigManager <clinit>
WARNING: JRF is unable to determine the current application server platform.
Mar 21, 2016 5:21:38 PM oracle.integration.platform.blocks.WLSPlatformConfigurationProvider <clinit>
WARNING: JRF is unable to determine the current application server platform.
Mar 21, 2016 5:21:39 PM com.collaxa.cube.CubeLogger info
INFO: Composed "BP_UpdateLineApproved" in 62.9 milliseconds [nodes 7=0+7, 111.2 nodes/sec]
Mar 21, 2016 5:21:45 PM com.collaxa.cube.CubeLogger info
INFO: Compiled "BP_UpdateLineApproved" in 6.306 seconds
Mar 21, 2016 5:21:45 PM com.collaxa.cube.CubeLogger info
INFO: Gathered 3 files in 1.7 milliseconds

Mar 21, 2016 5:21:45 PM com.collaxa.cube.CubeLogger info
INFO: Packaged "BP_UpdateLineApproved" in 69.9 milliseconds

Mar 21, 2016 5:21:45 PM com.collaxa.cube.CubeLogger info
INFO: validating "BPELProcessUpdateProcessLineFlag.bpel" ...
Mar 21, 2016 5:21:45 PM com.collaxa.cube.CubeLogger info
INFO: Composed "BPELProcessUpdateProcessLineFlag" in 19.9 milliseconds [nodes 7=0+7, 351.2 nodes/sec]
Mar 21, 2016 5:21:51 PM com.collaxa.cube.CubeLogger info
INFO: Compiled "BPELProcessUpdateProcessLineFlag" in 5.886 seconds
Mar 21, 2016 5:21:51 PM com.collaxa.cube.CubeLogger info
INFO: Gathered 3 files in 1.3 milliseconds

Mar 21, 2016 5:21:51 PM com.collaxa.cube.CubeLogger info
INFO: Packaged "BPELProcessUpdateProcessLineFlag" in 10.8 milliseconds

Mar 21, 2016 5:21:51 PM com.collaxa.cube.CubeLogger info
INFO: validating "BPELProcessUpdFlag_CaseDisapproved.bpel" ...
Mar 21, 2016 5:21:51 PM com.collaxa.cube.CubeLogger info
INFO: Composed "BPELProcessUpdFlag_CaseDisapproved" in 23.6 milliseconds [nodes 7=0+7, 296.1 nodes/sec]
Mar 21, 2016 5:21:55 PM com.collaxa.cube.CubeLogger info
INFO: Compiled "BPELProcessUpdFlag_CaseDisapproved" in 3.862 seconds
Mar 21, 2016 5:21:55 PM com.collaxa.cube.CubeLogger info
INFO: Gathered 3 files in 1.5 milliseconds

Mar 21, 2016 5:21:55 PM com.collaxa.cube.CubeLogger info
INFO: Packaged "BPELProcessUpdFlag_CaseDisapproved" in 6.5 milliseconds

Mar 21, 2016 5:21:55 PM com.collaxa.cube.CubeLogger info
INFO: validating "BP_UpdateLineDisApp.bpel" ...
Mar 21, 2016 5:21:55 PM com.collaxa.cube.CubeLogger info
INFO: Composed "BP_UpdateLineDisApp" in 9.9 milliseconds [nodes 7=0+7, 705.3 nodes/sec]
Mar 21, 2016 5:21:58 PM com.collaxa.cube.CubeLogger info
INFO: Compiled "BP_UpdateLineDisApp" in 2.670 seconds
Mar 21, 2016 5:21:58 PM com.collaxa.cube.CubeLogger info
INFO: Gathered 3 files in 0.8 milliseconds

Mar 21, 2016 5:21:58 PM com.collaxa.cube.CubeLogger info
INFO: Packaged "BP_UpdateLineDisApp" in 6.5 milliseconds

Mar 21, 2016 5:22:02 PM com.collaxa.cube.CubeLogger info
INFO: validating "BPELProcessSaveApprover.bpel" ...
Mar 21, 2016 5:22:02 PM com.collaxa.cube.CubeLogger info
INFO: Composed "BPELProcessSaveApprover" in 8.2 milliseconds [nodes 7=0+7, 856.5 nodes/sec]
Mar 21, 2016 5:22:04 PM com.collaxa.cube.CubeLogger info
INFO: Compiled "BPELProcessSaveApprover" in 2.388 seconds
Mar 21, 2016 5:22:04 PM com.collaxa.cube.CubeLogger info
INFO: Gathered 3 files in 0.9 milliseconds

Mar 21, 2016 5:22:04 PM com.collaxa.cube.CubeLogger info
INFO: Packaged "BPELProcessSaveApprover" in 5.3 milliseconds

Mar 21, 2016 5:22:04 PM com.collaxa.cube.CubeLogger info
INFO: validating "BPEmail.bpel" ...
Mar 21, 2016 5:22:05 PM com.collaxa.cube.CubeLogger info
INFO: Composed "BPEmail" in 16.9 milliseconds [nodes 12=1+11, 710.7 nodes/sec]
Mar 21, 2016 5:22:07 PM com.collaxa.cube.CubeLogger info
INFO: Compiled "BPEmail" in 2.501 seconds
Mar 21, 2016 5:22:07 PM com.collaxa.cube.CubeLogger info
INFO: Gathered 5 files in 0.7 milliseconds

Mar 21, 2016 5:22:07 PM com.collaxa.cube.CubeLogger info
INFO: Packaged "BPEmail" in 7.5 milliseconds

